POST /auth/google 404 Not Found
POST /api/v1/user/auth/google 404 Not Found
POST /google/auth 401 Unauthorized
POST /google/auth 200 OK
POST /google/auth 200 OK
GET / 401 Unauthorized
GET / 401 Unauthorized
GET / 401 Unauthorized
GET / 401 Unauthorized
GET / 401 Unauthorized
GET / 401 Unauthorized
GET / 401 Unauthorized
POST /google/auth 200 OK
GET / 200 OK
GET / 304 Not Modified
GET / 304 Not Modified
GET / 401 Unauthorized
GET / 200 OK
GET / 304 Not Modified
GET /api/v1/user/get 404 Not Found
GET /api/v1/user/get 404 Not Found
GET /get 200 OK
GET /get 304 Not Modified
GET /get 401 Unauthorized
GET /get 401 Unauthorized
GET /get 304 Not Modified
GET /get 304 Not Modified
GET /get 200 OK
GET /get 304 Not Modified
GET /get 401 Unauthorized
POST /google/auth 200 OK
GET /get 401 Unauthorized
POST /google/auth 200 OK
GET /get 200 OK
GET /get 304 Not Modified
GET /get 304 Not Modified
GET /get 304 Not Modified
GET /get 401 Unauthorized
GET /get 304 Not Modified
GET /get 401 Unauthorized
GET /get 304 Not Modified
GET /get 401 Unauthorized
GET /get 304 Not Modified
GET /get 401 Unauthorized
GET /get 304 Not Modified
GET /get 401 Unauthorized
GET /get 304 Not Modified
GET /get 304 Not Modified
GET /get 401 Unauthorized
GET /get 401 Unauthorized
GET /get 401 Unauthorized
GET /get 401 Unauthorized
GET /get 401 Unauthorized
GET /get 401 Unauthorized
GET /get 401 Unauthorized
GET /get 401 Unauthorized
GET /get 401 Unauthorized
POST /google/auth 200 OK
GET /get 304 Not Modified
GET /get 304 Not Modified
GET /get 304 Not Modified
GET /get 304 Not Modified
GET /get 304 Not Modified
GET /get 304 Not Modified
POST /google/auth 200 OK
GET /get 401 Unauthorized
GET /get 304 Not Modified
GET /get 401 Unauthorized
GET /get 304 Not Modified
GET /get 401 Unauthorized
GET /get 304 Not Modified
GET /get 401 Unauthorized
GET /get 304 Not Modified
GET /get 401 Unauthorized
GET /get 304 Not Modified
GET /get 401 Unauthorized
GET /get 304 Not Modified
GET /get 401 Unauthorized
GET /get 304 Not Modified
GET /requests/all 404 Not Found
GET /get 401 Unauthorized
GET /get 304 Not Modified
GET /requests/all 404 Not Found
POST /google/auth 200 OK
GET /get 401 Unauthorized
GET /get 304 Not Modified
GET /requests/all 404 Not Found
GET /get 401 Unauthorized
GET /get 304 Not Modified
GET /requests/all 404 Not Found
GET /get 304 Not Modified
GET /requests/all 404 Not Found
GET /get 401 Unauthorized
GET /get 304 Not Modified
GET /requests/all 404 Not Found
GET /get 304 Not Modified
GET /requests/all 404 Not Found
GET /get 304 Not Modified
GET /requests/all 404 Not Found
GET /get 304 Not Modified
GET /requests/all 404 Not Found
GET /get 304 Not Modified
GET /requests/all 404 Not Found
GET /get 304 Not Modified
GET /requests/all 404 Not Found
GET /get 304 Not Modified
GET /requests/all 404 Not Found
GET /get 304 Not Modified
GET /requests/all 404 Not Found
GET /get 304 Not Modified
GET /requests/all 404 Not Found
GET /get 304 Not Modified
GET /requests/all 404 Not Found
GET /get 304 Not Modified
GET /requests/all 404 Not Found
GET /get 304 Not Modified
GET /requests/all 404 Not Found
GET /get 304 Not Modified
GET /requests/all 404 Not Found
GET /get 304 Not Modified
GET /requests/all 404 Not Found
GET /get 401 Unauthorized
GET /get 304 Not Modified
GET /requests/all 404 Not Found
GET /get 401 Unauthorized
GET /get 304 Not Modified
GET /requests/all 404 Not Found
GET /get 304 Not Modified
GET /requests/all 404 Not Found
GET /get 304 Not Modified
GET /requests/all 404 Not Found
GET /get 304 Not Modified
GET /requests/all 404 Not Found
GET /get 304 Not Modified
GET /requests/all 404 Not Found
GET /get 304 Not Modified
GET /requests/all 404 Not Found
GET /get 304 Not Modified
GET /requests/all 404 Not Found
GET /get 304 Not Modified
GET /requests/all 404 Not Found
GET /get 200 OK
GET /requests/all 404 Not Found
GET /get 304 Not Modified
GET /requests/all 404 Not Found
GET /get 304 Not Modified
GET /requests/all 404 Not Found
GET /get 304 Not Modified
GET /requests/all 404 Not Found
GET /get 401 Unauthorized
GET /get 401 Unauthorized
GET /get 401 Unauthorized
GET /get 401 Unauthorized
GET /get 304 Not Modified
GET /api/v1/requests/all 404 Not Found
GET /get 304 Not Modified
GET /api/v1/requests/all 404 Not Found
GET /get 304 Not Modified
GET /api/v1/requests/all 404 Not Found
GET /get 401 Unauthorized
GET /get 401 Unauthorized
GET /get 401 Unauthorized
GET /get 401 Unauthorized
POST /google/auth 200 OK
GET /get 304 Not Modified
GET /api/v1/requests/all 404 Not Found
GET /get 304 Not Modified
GET /api/v1/requests/all 404 Not Found
POST /google/auth 200 OK
GET /get 401 Unauthorized
GET /get 401 Unauthorized
GET /get 401 Unauthorized
GET /get 401 Unauthorized
GET /get 401 Unauthorized
GET /get 401 Unauthorized
GET /get 401 Unauthorized
GET /get 401 Unauthorized
GET /get 401 Unauthorized
GET /get 401 Unauthorized
POST /google/auth 200 OK
POST /google/auth 200 OK
POST /google/auth 200 OK
POST /google/auth 200 OK
GET /get 401 Unauthorized
POST /google/auth 200 OK
POST /api/v1/requests/create 500 Internal Server Error
POST /create 201 Created
GET /get 200 OK
GET /all 200 OK
GET /get 401 Unauthorized
GET /get 304 Not Modified
GET /all 304 Not Modified
GET /get 401 Unauthorized
GET /get 304 Not Modified
GET /all 304 Not Modified
GET /get 401 Unauthorized
GET /get 304 Not Modified
GET /all 304 Not Modified
GET /get 401 Unauthorized
GET /get 304 Not Modified
GET /all 304 Not Modified
GET /get 401 Unauthorized
GET /get 304 Not Modified
GET /all 304 Not Modified
GET /get 401 Unauthorized
GET /get 304 Not Modified
GET /all 304 Not Modified
GET /get 401 Unauthorized
GET /get 304 Not Modified
GET /all 304 Not Modified
GET /get 401 Unauthorized
GET /get 304 Not Modified
GET /all 304 Not Modified
GET /get 401 Unauthorized
GET /get 304 Not Modified
GET /all 304 Not Modified
POST /create 201 Created
GET /get 304 Not Modified
GET /all 200 OK
POST /create 201 Created
GET /get 304 Not Modified
GET /all 200 OK
GET /get 401 Unauthorized
GET /get 304 Not Modified
GET /all 304 Not Modified
GET /get 401 Unauthorized
GET /get 304 Not Modified
GET /all 304 Not Modified
GET /get 401 Unauthorized
GET /get 304 Not Modified
GET /all 304 Not Modified
GET /get 401 Unauthorized
GET /get 304 Not Modified
GET /all 304 Not Modified
POST /google/auth 200 OK
GET /get 304 Not Modified
GET /all 304 Not Modified
GET /get 304 Not Modified
GET /all 304 Not Modified
POST /google/auth 200 OK
GET /get 304 Not Modified
GET /all 304 Not Modified
GET /get 401 Unauthorized
GET /get 304 Not Modified
GET /all 304 Not Modified
POST /google/auth 200 OK
GET /get 304 Not Modified
GET /all 304 Not Modified
POST /google/auth 200 OK
GET /get 304 Not Modified
GET /all 304 Not Modified
GET /get 304 Not Modified
GET /all 304 Not Modified
POST /google/auth 200 OK
GET /get 304 Not Modified
GET /all 304 Not Modified
POST /google/auth 200 OK
GET /get 304 Not Modified
GET /all 304 Not Modified
GET /get 304 Not Modified
GET /all 304 Not Modified
GET /get 401 Unauthorized
GET /get 401 Unauthorized
POST /google/auth 200 OK
GET /get 304 Not Modified
GET /all 304 Not Modified
POST /google/auth 200 OK
GET /get 304 Not Modified
GET /all 304 Not Modified
